# JRE version: Java(TM) SE Runtime Environment (15.0+36) (build 15+36-1562)
# Java VM: Java HotSpot(TM) 64-Bit Server VM (15+36-1562, mixed mode, sharing, tiered, compressed oops, g1 gc, windows-amd64)
GC Precious Log:
 CPUs: 4 total, 4 available
 Memory: 3526M
 Large Page Support: Disabled
 NUMA Support: Disabled
 Compressed Oops: Enabled (32-bit)
 Heap Region Size: 1M
 Heap Min Capacity: 8M
 Heap Initial Capacity: 56M
 Heap Max Capacity: 882M
 Pre-touch: Disabled
 Parallel Workers: 4
 Concurrent Workers: 1
 Concurrent Refinement Workers: 4
 Periodic GC: Disabled
Heap:
 garbage-first heap   total 54272K, used 39560K [0x00000000c8e00000, 0x0000000100000000)
  region size 1024K, 15 young (15360K), 1 survivors (1024K)
 Metaspace       used 58327K, capacity 58754K, committed 59184K, reserved 1101824K
  class space    used 7478K, capacity 7657K, committed 7808K, reserved 1048576K
GC Heap History (20 events):
Event: 13.581 GC heap before
{Heap before GC invocations=12 (full 0):
 garbage-first heap   total 54272K, used 22065K [0x00000000c8e00000, 0x0000000100000000)
  region size 1024K, 9 young (9216K), 2 survivors (2048K)
 Metaspace       used 35374K, capacity 35790K, committed 35888K, reserved 1081344K
  class space    used 4497K, capacity 4665K, committed 4736K, reserved 1048576K
}
Event: 13.587 GC heap after
{Heap after GC invocations=13 (full 0):
 garbage-first heap   total 54272K, used 16831K [0x00000000c8e00000, 0x0000000100000000)
  region size 1024K, 3 young (3072K), 3 survivors (3072K)
 Metaspace       used 35374K, capacity 35790K, committed 35888K, reserved 1081344K
  class space    used 4497K, capacity 4665K, committed 4736K, reserved 1048576K
}
Event: 15.777 GC heap before
{Heap before GC invocations=14 (full 0):
 garbage-first heap   total 54272K, used 41407K [0x00000000c8e00000, 0x0000000100000000)
  region size 1024K, 28 young (28672K), 3 survivors (3072K)
 Metaspace       used 41503K, capacity 41891K, committed 42032K, reserved 1085440K
  class space    used 5266K, capacity 5414K, committed 5504K, reserved 1048576K
}
Event: 15.788 GC heap after
{Heap after GC invocations=15 (full 0):
 garbage-first heap   total 54272K, used 19466K [0x00000000c8e00000, 0x0000000100000000)
  region size 1024K, 4 young (4096K), 4 survivors (4096K)
 Metaspace       used 41503K, capacity 41891K, committed 42032K, reserved 1085440K
  class space    used 5266K, capacity 5414K, committed 5504K, reserved 1048576K
}
Event: 16.262 GC heap before
{Heap before GC invocations=15 (full 0):
 garbage-first heap   total 54272K, used 39946K [0x00000000c8e00000, 0x0000000100000000)
  region size 1024K, 25 young (25600K), 4 survivors (4096K)
 Metaspace       used 42097K, capacity 42537K, committed 42800K, reserved 1087488K
  class space    used 5310K, capacity 5479K, committed 5504K, reserved 1048576K
}
Event: 16.268 GC heap after
{Heap after GC invocations=16 (full 0):
 garbage-first heap   total 54272K, used 21592K [0x00000000c8e00000, 0x0000000100000000)
  region size 1024K, 2 young (2048K), 2 survivors (2048K)
 Metaspace       used 42097K, capacity 42537K, committed 42800K, reserved 1087488K
  class space    used 5310K, capacity 5479K, committed 5504K, reserved 1048576K
}
Event: 17.907 GC heap before
{Heap before GC invocations=16 (full 0):
 garbage-first heap   total 54272K, used 41048K [0x00000000c8e00000, 0x0000000100000000)
  region size 1024K, 22 young (22528K), 2 survivors (2048K)
 Metaspace       used 46406K, capacity 46840K, committed 47024K, reserved 1089536K
  class space    used 5953K, capacity 6122K, committed 6144K, reserved 1048576K
}
Event: 17.912 GC heap after
{Heap after GC invocations=17 (full 0):
 garbage-first heap   total 54272K, used 22999K [0x00000000c8e00000, 0x0000000100000000)
  region size 1024K, 2 young (2048K), 2 survivors (2048K)
 Metaspace       used 46406K, capacity 46840K, committed 47024K, reserved 1089536K
  class space    used 5953K, capacity 6122K, committed 6144K, reserved 1048576K
}
Event: 20.376 GC heap before
{Heap before GC invocations=17 (full 0):
 garbage-first heap   total 54272K, used 40407K [0x00000000c8e00000, 0x0000000100000000)
  region size 1024K, 20 young (20480K), 2 survivors (2048K)
 Metaspace       used 50790K, capacity 51269K, committed 51504K, reserved 1093632K
  class space    used 6523K, capacity 6677K, committed 6784K, reserved 1048576K
}
Event: 20.382 GC heap after
{Heap after GC invocations=18 (full 0):
 garbage-first heap   total 54272K, used 24171K [0x00000000c8e00000, 0x0000000100000000)
  region size 1024K, 3 young (3072K), 3 survivors (3072K)
 Metaspace       used 50790K, capacity 51269K, committed 51504K, reserved 1093632K
  class space    used 6523K, capacity 6677K, committed 6784K, reserved 1048576K
}
Event: 21.630 GC heap before
{Heap before GC invocations=18 (full 0):
 garbage-first heap   total 54272K, used 42603K [0x00000000c8e00000, 0x0000000100000000)
  region size 1024K, 21 young (21504K), 3 survivors (3072K)
 Metaspace       used 52753K, capacity 53276K, committed 53552K, reserved 1095680K
  class space    used 6826K, capacity 7003K, committed 7040K, reserved 1048576K
}
Event: 21.639 GC heap after
{Heap after GC invocations=19 (full 0):
 garbage-first heap   total 54272K, used 25958K [0x00000000c8e00000, 0x0000000100000000)
  region size 1024K, 3 young (3072K), 3 survivors (3072K)
 Metaspace       used 52753K, capacity 53276K, committed 53552K, reserved 1095680K
  class space    used 6826K, capacity 7003K, committed 7040K, reserved 1048576K
}
Event: 42.134 GC heap before
{Heap before GC invocations=19 (full 0):
 garbage-first heap   total 54272K, used 43366K [0x00000000c8e00000, 0x0000000100000000)
  region size 1024K, 20 young (20480K), 3 survivors (3072K)
 Metaspace       used 55863K, capacity 56395K, committed 56496K, reserved 1097728K
  class space    used 7201K, capacity 7375K, committed 7424K, reserved 1048576K
}
Event: 42.164 GC heap after
{Heap after GC invocations=20 (full 0):
 garbage-first heap   total 54272K, used 27506K [0x00000000c8e00000, 0x0000000100000000)
  region size 1024K, 2 young (2048K), 2 survivors (2048K)
 Metaspace       used 55863K, capacity 56395K, committed 56496K, reserved 1097728K
  class space    used 7201K, capacity 7375K, committed 7424K, reserved 1048576K
}
Event: 1786.225 GC heap before
{Heap before GC invocations=20 (full 0):
 garbage-first heap   total 54272K, used 41842K [0x00000000c8e00000, 0x0000000100000000)
  region size 1024K, 17 young (17408K), 2 survivors (2048K)
 Metaspace       used 58349K, capacity 58830K, committed 59184K, reserved 1101824K
  class space    used 7498K, capacity 7696K, committed 7808K, reserved 1048576K
}
Event: 1786.389 GC heap after
{Heap after GC invocations=21 (full 0):
 garbage-first heap   total 54272K, used 28291K [0x00000000c8e00000, 0x0000000100000000)
  region size 1024K, 3 young (3072K), 3 survivors (3072K)
 Metaspace       used 58349K, capacity 58830K, committed 59184K, reserved 1101824K
  class space    used 7498K, capacity 7696K, committed 7808K, reserved 1048576K
}
Event: 1802.742 GC heap before
{Heap before GC invocations=22 (full 0):
 garbage-first heap   total 54272K, used 42627K [0x00000000c8e00000, 0x0000000100000000)
  region size 1024K, 17 young (17408K), 3 survivors (3072K)
 Metaspace       used 58293K, capacity 58748K, committed 59184K, reserved 1101824K
  class space    used 7478K, capacity 7656K, committed 7808K, reserved 1048576K
}
Event: 1802.756 GC heap after
{Heap after GC invocations=23 (full 0):
 garbage-first heap   total 54272K, used 29249K [0x00000000c8e00000, 0x0000000100000000)
  region size 1024K, 3 young (3072K), 3 survivors (3072K)
 Metaspace       used 58293K, capacity 58748K, committed 59184K, reserved 1101824K
  class space    used 7478K, capacity 7656K, committed 7808K, reserved 1048576K
}
Event: 1802.762 GC heap before
{Heap before GC invocations=23 (full 0):
 garbage-first heap   total 54272K, used 30273K [0x00000000c8e00000, 0x0000000100000000)
  region size 1024K, 4 young (4096K), 3 survivors (3072K)
 Metaspace       used 58293K, capacity 58748K, committed 59184K, reserved 1101824K
  class space    used 7478K, capacity 7656K, committed 7808K, reserved 1048576K
}
Event: 1802.797 GC heap after
{Heap after GC invocations=24 (full 0):
 garbage-first heap   total 54272K, used 27272K [0x00000000c8e00000, 0x0000000100000000)
  region size 1024K, 1 young (1024K), 1 survivors (1024K)
 Metaspace       used 58293K, capacity 58748K, committed 59184K, reserved 1101824K
  class space    used 7478K, capacity 7656K, committed 7808K, reserved 1048576K
}

